The system is: Darwin - 17.7.0 - x86_64
Compiling the C compiler identification source file "CMakeCCompilerId.c" succeeded.
Compiler: /usr/local/bin/clang-omp 
Build flags: 
Id flags:  

The output was:
0


Compilation of the C compiler identification source "CMakeCCompilerId.c" produced "a.out"

The C compiler identification is Clang, found in "/Users/Yuyang/Documents/artMetiers/unity/call_Cplusplus/studentlib_shared/build/CMakeFiles/3.12.0/CompilerIdC/a.out"

Compiling the CXX compiler identification source file "CMakeCXXCompilerId.cpp" succeeded.
Compiler: /usr/local/bin/clang-omp++ 
Build flags: 
Id flags:  

The output was:
0


Compilation of the CXX compiler identification source "CMakeCXXCompilerId.cpp" produced "a.out"

The CXX compiler identification is Clang, found in "/Users/Yuyang/Documents/artMetiers/unity/call_Cplusplus/studentlib_shared/build/CMakeFiles/3.12.0/CompilerIdCXX/a.out"

Determining if the C compiler works passed with the following output:
Change Dir: /Users/Yuyang/Documents/artMetiers/unity/call_Cplusplus/studentlib_shared/build/CMakeFiles/CMakeTmp

Run Build Command:"/usr/bin/make" "cmTC_4b82a/fast"
/Applications/Xcode.app/Contents/Developer/usr/bin/make -f CMakeFiles/cmTC_4b82a.dir/build.make CMakeFiles/cmTC_4b82a.dir/build
Building C object CMakeFiles/cmTC_4b82a.dir/testCCompiler.c.o
/usr/local/bin/clang-omp    -o CMakeFiles/cmTC_4b82a.dir/testCCompiler.c.o   -c /Users/Yuyang/Documents/artMetiers/unity/call_Cplusplus/studentlib_shared/build/CMakeFiles/CMakeTmp/testCCompiler.c
Linking C executable cmTC_4b82a
/usr/local/Cellar/cmake/3.12.0/bin/cmake -E cmake_link_script CMakeFiles/cmTC_4b82a.dir/link.txt --verbose=1
/usr/local/bin/clang-omp   -Wl,-search_paths_first -Wl,-headerpad_max_install_names   CMakeFiles/cmTC_4b82a.dir/testCCompiler.c.o  -o cmTC_4b82a 


Detecting C compiler ABI info compiled with the following output:
Change Dir: /Users/Yuyang/Documents/artMetiers/unity/call_Cplusplus/studentlib_shared/build/CMakeFiles/CMakeTmp

Run Build Command:"/usr/bin/make" "cmTC_f5df1/fast"
/Applications/Xcode.app/Contents/Developer/usr/bin/make -f CMakeFiles/cmTC_f5df1.dir/build.make CMakeFiles/cmTC_f5df1.dir/build
Building C object CMakeFiles/cmTC_f5df1.dir/CMakeCCompilerABI.c.o
/usr/local/bin/clang-omp    -o CMakeFiles/cmTC_f5df1.dir/CMakeCCompilerABI.c.o   -c /usr/local/Cellar/cmake/3.12.0/share/cmake/Modules/CMakeCCompilerABI.c
Linking C executable cmTC_f5df1
/usr/local/Cellar/cmake/3.12.0/bin/cmake -E cmake_link_script CMakeFiles/cmTC_f5df1.dir/link.txt --verbose=1
/usr/local/bin/clang-omp   -Wl,-search_paths_first -Wl,-headerpad_max_install_names  -v -Wl,-v CMakeFiles/cmTC_f5df1.dir/CMakeCCompilerABI.c.o  -o cmTC_f5df1 
clang version 6.0.1 (tags/RELEASE_601/final)
Target: x86_64-apple-darwin17.7.0
Thread model: posix
InstalledDir: /usr/local/bin
 "/usr/bin/ld" -demangle -lto_library /usr/local/Cellar/llvm/6.0.1/lib/libLTO.dylib -dynamic -arch x86_64 -macosx_version_min 10.13.0 -o cmTC_f5df1 -search_paths_first -headerpad_max_install_names -v CMakeFiles/cmTC_f5df1.dir/CMakeCCompilerABI.c.o -lSystem /usr/local/Cellar/llvm/6.0.1/lib/clang/6.0.1/lib/darwin/libclang_rt.osx.a
@(#)PROGRAM:ld  PROJECT:ld64-351.8
configured to support archs: armv6 armv7 armv7s arm64 i386 x86_64 x86_64h armv6m armv7k armv7m armv7em (tvOS)
Library search paths:
	/usr/lib
	/usr/local/lib
Framework search paths:
	/Library/Frameworks/
	/System/Library/Frameworks/


Parsed C implicit link information from above output:
  link line regex: [^( *|.*[/\])(ld|CMAKE_LINK_STARTFILE-NOTFOUND|([^/\]+-)?ld|collect2)[^/\]*( |$)]
  ignore line: [Change Dir: /Users/Yuyang/Documents/artMetiers/unity/call_Cplusplus/studentlib_shared/build/CMakeFiles/CMakeTmp]
  ignore line: []
  ignore line: [Run Build Command:"/usr/bin/make" "cmTC_f5df1/fast"]
  ignore line: [/Applications/Xcode.app/Contents/Developer/usr/bin/make -f CMakeFiles/cmTC_f5df1.dir/build.make CMakeFiles/cmTC_f5df1.dir/build]
  ignore line: [Building C object CMakeFiles/cmTC_f5df1.dir/CMakeCCompilerABI.c.o]
  ignore line: [/usr/local/bin/clang-omp    -o CMakeFiles/cmTC_f5df1.dir/CMakeCCompilerABI.c.o   -c /usr/local/Cellar/cmake/3.12.0/share/cmake/Modules/CMakeCCompilerABI.c]
  ignore line: [Linking C executable cmTC_f5df1]
  ignore line: [/usr/local/Cellar/cmake/3.12.0/bin/cmake -E cmake_link_script CMakeFiles/cmTC_f5df1.dir/link.txt --verbose=1]
  ignore line: [/usr/local/bin/clang-omp   -Wl,-search_paths_first -Wl,-headerpad_max_install_names  -v -Wl,-v CMakeFiles/cmTC_f5df1.dir/CMakeCCompilerABI.c.o  -o cmTC_f5df1 ]
  ignore line: [clang version 6.0.1 (tags/RELEASE_601/final)]
  ignore line: [Target: x86_64-apple-darwin17.7.0]
  ignore line: [Thread model: posix]
  ignore line: [InstalledDir: /usr/local/bin]
  link line: [ "/usr/bin/ld" -demangle -lto_library /usr/local/Cellar/llvm/6.0.1/lib/libLTO.dylib -dynamic -arch x86_64 -macosx_version_min 10.13.0 -o cmTC_f5df1 -search_paths_first -headerpad_max_install_names -v CMakeFiles/cmTC_f5df1.dir/CMakeCCompilerABI.c.o -lSystem /usr/local/Cellar/llvm/6.0.1/lib/clang/6.0.1/lib/darwin/libclang_rt.osx.a]
    arg [/usr/bin/ld] ==> ignore
    arg [-demangle] ==> ignore
    arg [-lto_library] ==> ignore, skip following value
    arg [/usr/local/Cellar/llvm/6.0.1/lib/libLTO.dylib] ==> skip value of -lto_library
    arg [-dynamic] ==> ignore
    arg [-arch] ==> ignore
    arg [x86_64] ==> ignore
    arg [-macosx_version_min] ==> ignore
    arg [10.13.0] ==> ignore
    arg [-o] ==> ignore
    arg [cmTC_f5df1] ==> ignore
    arg [-search_paths_first] ==> ignore
    arg [-headerpad_max_install_names] ==> ignore
    arg [-v] ==> ignore
    arg [CMakeFiles/cmTC_f5df1.dir/CMakeCCompilerABI.c.o] ==> ignore
    arg [-lSystem] ==> lib [System]
    arg [/usr/local/Cellar/llvm/6.0.1/lib/clang/6.0.1/lib/darwin/libclang_rt.osx.a] ==> lib [/usr/local/Cellar/llvm/6.0.1/lib/clang/6.0.1/lib/darwin/libclang_rt.osx.a]
  Library search paths: [;/usr/lib;/usr/local/lib]
  Framework search paths: [;/Library/Frameworks/;/System/Library/Frameworks/]
  remove lib [System]
  remove lib [/usr/local/Cellar/llvm/6.0.1/lib/clang/6.0.1/lib/darwin/libclang_rt.osx.a]
  collapse library dir [/usr/lib] ==> [/usr/lib]
  collapse library dir [/usr/local/lib] ==> [/usr/local/lib]
  collapse framework dir [/Library/Frameworks/] ==> [/Library/Frameworks]
  collapse framework dir [/System/Library/Frameworks/] ==> [/System/Library/Frameworks]
  implicit libs: []
  implicit dirs: [/usr/lib;/usr/local/lib]
  implicit fwks: [/Library/Frameworks;/System/Library/Frameworks]


Determining if the CXX compiler works passed with the following output:
Change Dir: /Users/Yuyang/Documents/artMetiers/unity/call_Cplusplus/studentlib_shared/build/CMakeFiles/CMakeTmp

Run Build Command:"/usr/bin/make" "cmTC_a32d5/fast"
/Applications/Xcode.app/Contents/Developer/usr/bin/make -f CMakeFiles/cmTC_a32d5.dir/build.make CMakeFiles/cmTC_a32d5.dir/build
Building CXX object CMakeFiles/cmTC_a32d5.dir/testCXXCompiler.cxx.o
/usr/local/bin/clang-omp++     -o CMakeFiles/cmTC_a32d5.dir/testCXXCompiler.cxx.o -c /Users/Yuyang/Documents/artMetiers/unity/call_Cplusplus/studentlib_shared/build/CMakeFiles/CMakeTmp/testCXXCompiler.cxx
Linking CXX executable cmTC_a32d5
/usr/local/Cellar/cmake/3.12.0/bin/cmake -E cmake_link_script CMakeFiles/cmTC_a32d5.dir/link.txt --verbose=1
/usr/local/bin/clang-omp++    -Wl,-search_paths_first -Wl,-headerpad_max_install_names   CMakeFiles/cmTC_a32d5.dir/testCXXCompiler.cxx.o  -o cmTC_a32d5 


Detecting CXX compiler ABI info compiled with the following output:
Change Dir: /Users/Yuyang/Documents/artMetiers/unity/call_Cplusplus/studentlib_shared/build/CMakeFiles/CMakeTmp

Run Build Command:"/usr/bin/make" "cmTC_353ce/fast"
/Applications/Xcode.app/Contents/Developer/usr/bin/make -f CMakeFiles/cmTC_353ce.dir/build.make CMakeFiles/cmTC_353ce.dir/build
Building CXX object CMakeFiles/cmTC_353ce.dir/CMakeCXXCompilerABI.cpp.o
/usr/local/bin/clang-omp++     -o CMakeFiles/cmTC_353ce.dir/CMakeCXXCompilerABI.cpp.o -c /usr/local/Cellar/cmake/3.12.0/share/cmake/Modules/CMakeCXXCompilerABI.cpp
Linking CXX executable cmTC_353ce
/usr/local/Cellar/cmake/3.12.0/bin/cmake -E cmake_link_script CMakeFiles/cmTC_353ce.dir/link.txt --verbose=1
/usr/local/bin/clang-omp++    -Wl,-search_paths_first -Wl,-headerpad_max_install_names  -v -Wl,-v CMakeFiles/cmTC_353ce.dir/CMakeCXXCompilerABI.cpp.o  -o cmTC_353ce 
clang version 6.0.1 (tags/RELEASE_601/final)
Target: x86_64-apple-darwin17.7.0
Thread model: posix
InstalledDir: /usr/local/bin
 "/usr/bin/ld" -demangle -lto_library /usr/local/Cellar/llvm/6.0.1/lib/libLTO.dylib -dynamic -arch x86_64 -macosx_version_min 10.13.0 -o cmTC_353ce -search_paths_first -headerpad_max_install_names -v CMakeFiles/cmTC_353ce.dir/CMakeCXXCompilerABI.cpp.o -lc++ -lSystem /usr/local/Cellar/llvm/6.0.1/lib/clang/6.0.1/lib/darwin/libclang_rt.osx.a
@(#)PROGRAM:ld  PROJECT:ld64-351.8
configured to support archs: armv6 armv7 armv7s arm64 i386 x86_64 x86_64h armv6m armv7k armv7m armv7em (tvOS)
Library search paths:
	/usr/lib
	/usr/local/lib
Framework search paths:
	/Library/Frameworks/
	/System/Library/Frameworks/


Parsed CXX implicit link information from above output:
  link line regex: [^( *|.*[/\])(ld|CMAKE_LINK_STARTFILE-NOTFOUND|([^/\]+-)?ld|collect2)[^/\]*( |$)]
  ignore line: [Change Dir: /Users/Yuyang/Documents/artMetiers/unity/call_Cplusplus/studentlib_shared/build/CMakeFiles/CMakeTmp]
  ignore line: []
  ignore line: [Run Build Command:"/usr/bin/make" "cmTC_353ce/fast"]
  ignore line: [/Applications/Xcode.app/Contents/Developer/usr/bin/make -f CMakeFiles/cmTC_353ce.dir/build.make CMakeFiles/cmTC_353ce.dir/build]
  ignore line: [Building CXX object CMakeFiles/cmTC_353ce.dir/CMakeCXXCompilerABI.cpp.o]
  ignore line: [/usr/local/bin/clang-omp++     -o CMakeFiles/cmTC_353ce.dir/CMakeCXXCompilerABI.cpp.o -c /usr/local/Cellar/cmake/3.12.0/share/cmake/Modules/CMakeCXXCompilerABI.cpp]
  ignore line: [Linking CXX executable cmTC_353ce]
  ignore line: [/usr/local/Cellar/cmake/3.12.0/bin/cmake -E cmake_link_script CMakeFiles/cmTC_353ce.dir/link.txt --verbose=1]
  ignore line: [/usr/local/bin/clang-omp++    -Wl,-search_paths_first -Wl,-headerpad_max_install_names  -v -Wl,-v CMakeFiles/cmTC_353ce.dir/CMakeCXXCompilerABI.cpp.o  -o cmTC_353ce ]
  ignore line: [clang version 6.0.1 (tags/RELEASE_601/final)]
  ignore line: [Target: x86_64-apple-darwin17.7.0]
  ignore line: [Thread model: posix]
  ignore line: [InstalledDir: /usr/local/bin]
  link line: [ "/usr/bin/ld" -demangle -lto_library /usr/local/Cellar/llvm/6.0.1/lib/libLTO.dylib -dynamic -arch x86_64 -macosx_version_min 10.13.0 -o cmTC_353ce -search_paths_first -headerpad_max_install_names -v CMakeFiles/cmTC_353ce.dir/CMakeCXXCompilerABI.cpp.o -lc++ -lSystem /usr/local/Cellar/llvm/6.0.1/lib/clang/6.0.1/lib/darwin/libclang_rt.osx.a]
    arg [/usr/bin/ld] ==> ignore
    arg [-demangle] ==> ignore
    arg [-lto_library] ==> ignore, skip following value
    arg [/usr/local/Cellar/llvm/6.0.1/lib/libLTO.dylib] ==> skip value of -lto_library
    arg [-dynamic] ==> ignore
    arg [-arch] ==> ignore
    arg [x86_64] ==> ignore
    arg [-macosx_version_min] ==> ignore
    arg [10.13.0] ==> ignore
    arg [-o] ==> ignore
    arg [cmTC_353ce] ==> ignore
    arg [-search_paths_first] ==> ignore
    arg [-headerpad_max_install_names] ==> ignore
    arg [-v] ==> ignore
    arg [CMakeFiles/cmTC_353ce.dir/CMakeCXXCompilerABI.cpp.o] ==> ignore
    arg [-lc++] ==> lib [c++]
    arg [-lSystem] ==> lib [System]
    arg [/usr/local/Cellar/llvm/6.0.1/lib/clang/6.0.1/lib/darwin/libclang_rt.osx.a] ==> lib [/usr/local/Cellar/llvm/6.0.1/lib/clang/6.0.1/lib/darwin/libclang_rt.osx.a]
  Library search paths: [;/usr/lib;/usr/local/lib]
  Framework search paths: [;/Library/Frameworks/;/System/Library/Frameworks/]
  remove lib [System]
  remove lib [/usr/local/Cellar/llvm/6.0.1/lib/clang/6.0.1/lib/darwin/libclang_rt.osx.a]
  collapse library dir [/usr/lib] ==> [/usr/lib]
  collapse library dir [/usr/local/lib] ==> [/usr/local/lib]
  collapse framework dir [/Library/Frameworks/] ==> [/Library/Frameworks]
  collapse framework dir [/System/Library/Frameworks/] ==> [/System/Library/Frameworks]
  implicit libs: [c++]
  implicit dirs: [/usr/lib;/usr/local/lib]
  implicit fwks: [/Library/Frameworks;/System/Library/Frameworks]


